<?xml version="1.0" encoding="UTF-8"?>
<!-- Generated by org.testng.reporters.JUnitReportReporter -->
<testsuite hostname="Kritikas-MacBook-Air.local" failures="0" tests="3" name="Runner.TestRunner" time="67.071" errors="0" timestamp="2024-02-20T08:02:56 GMT" skipped="0">
  <testcase classname="Runner.TestRunner" name="runScenario" time="21.835"/>
  <testcase classname="Runner.TestRunner" name="runScenario" time="23.908"/>
  <testcase classname="Runner.TestRunner" name="runScenario" time="21.328"/>
</testsuite> <!-- Runner.TestRunner -->
